<?xml version="1.0" encoding="UTF-8"?>
<testng-results skipped="0" failed="0" ignored="0" total="1" passed="1">
  <reporter-output>
  </reporter-output>
  <suite name="Default suite" duration-ms="78901" started-at="2018-11-28T03:11:40Z" finished-at="2018-11-28T03:12:59Z">
    <groups>
    </groups>
    <test name="Default test" duration-ms="78901" started-at="2018-11-28T03:11:40Z" finished-at="2018-11-28T03:12:59Z">
      <class name="ddfw.Inputstream">
        <test-method status="PASS" signature="beforeTest()[pri:0, instance:ddfw.Inputstream@2781e022]" name="beforeTest" is-config="true" duration-ms="41109" started-at="2018-11-28T03:11:40Z" finished-at="2018-11-28T03:12:21Z">
          <reporter-output>
          </reporter-output>
        </test-method> <!-- beforeTest -->
        <test-method status="PASS" signature="f()[pri:0, instance:ddfw.Inputstream@2781e022]" name="f" duration-ms="37753" started-at="2018-11-28T03:12:21Z" finished-at="2018-11-28T03:12:59Z">
          <reporter-output>
          </reporter-output>
        </test-method> <!-- f -->
        <test-method status="PASS" signature="afterTest()[pri:0, instance:ddfw.Inputstream@2781e022]" name="afterTest" is-config="true" duration-ms="0" started-at="2018-11-28T03:12:59Z" finished-at="2018-11-28T03:12:59Z">
          <reporter-output>
          </reporter-output>
        </test-method> <!-- afterTest -->
      </class> <!-- ddfw.Inputstream -->
    </test> <!-- Default test -->
  </suite> <!-- Default suite -->
</testng-results>
