<?xml version="1.0" encoding="UTF-8"?>
<!-- Generated by org.testng.reporters.JUnitXMLReporter -->
<testsuite hostname="LAPTOP-0OP77ANE" ignored="0" name="Results" tests="9" failures="0" timestamp="26 Jun 2018 03:47:29 GMT" time="0.408" errors="0">
  <testcase name="@BeforeTest beforeTest" time="0.24" classname="AdvancedWebdriver.AjaxControl">
    <failure type="java.lang.IllegalStateException" message="The driver executable does not exist: F:\selenium\Lib\diver\geckodriver.exe">
      <![CDATA[java.lang.IllegalStateException: The driver executable does not exist: F:\selenium\Lib\diver\geckodriver.exe
at com.google.common.base.Preconditions.checkState(Preconditions.java:585)
at org.openqa.selenium.remote.service.DriverService.checkExecutable(DriverService.java:136)
at org.openqa.selenium.remote.service.DriverService.findExecutable(DriverService.java:131)
at org.openqa.selenium.firefox.GeckoDriverService.access$100(GeckoDriverService.java:42)
at org.openqa.selenium.firefox.GeckoDriverService$Builder.findDefaultExecutable(GeckoDriverService.java:143)
at org.openqa.selenium.remote.service.DriverService$Builder.build(DriverService.java:335)
at org.openqa.selenium.firefox.FirefoxDriver.toExecutor(FirefoxDriver.java:168)
at org.openqa.selenium.firefox.FirefoxDriver.<init>(FirefoxDriver.java:125)
at org.openqa.selenium.firefox.FirefoxDriver.<init>(FirefoxDriver.java:103)
at AdvancedWebdriver.AjaxControl.beforeTest(AjaxControl.java:39)
... Removed 24 stack frames]]>
    </failure>
  </testcase> <!-- @BeforeTest beforeTest -->
  <testcase name="@BeforeTest beforeTest" time="0.0" classname="ddfw.Inputstream">
    <skipped/>
  </testcase> <!-- @BeforeTest beforeTest -->
  <testcase name="@BeforeTest beforeTest" time="0.0" classname="AdvancedWebdriver.Mouseover">
    <skipped/>
  </testcase> <!-- @BeforeTest beforeTest -->
  <testcase name="@BeforeTest beforeTest" time="0.0" classname="ddfw.OutputStream">
    <skipped/>
  </testcase> <!-- @BeforeTest beforeTest -->
  <testcase name="@BeforeTest beforeTest" time="0.0" classname="AdvancedWebdriver.PageScroll">
    <skipped/>
  </testcase> <!-- @BeforeTest beforeTest -->
  <testcase name="@BeforeTest beforeTest" time="0.0" classname="AdvancedWebdriver.Screenshot">
    <skipped/>
  </testcase> <!-- @BeforeTest beforeTest -->
  <testcase name="@BeforeClass beforeClass" time="0.0" classname="testNG.FB_Register">
    <skipped/>
  </testcase> <!-- @BeforeClass beforeClass -->
  <testcase name="@AfterClass afterClass" time="0.0" classname="testNG.FB_Register">
    <skipped/>
  </testcase> <!-- @AfterClass afterClass -->
  <testcase name="@BeforeClass beforeClass" time="0.0" classname="testNG.Amazon_Multi_Function">
    <skipped/>
  </testcase> <!-- @BeforeClass beforeClass -->
  <testcase name="@AfterClass afterClass" time="0.0" classname="testNG.Amazon_Multi_Function">
    <skipped/>
  </testcase> <!-- @AfterClass afterClass -->
  <testcase name="@BeforeClass beforeClass" time="0.0" classname="testNG.Popup">
    <skipped/>
  </testcase> <!-- @BeforeClass beforeClass -->
  <testcase name="@AfterClass afterClass" time="0.0" classname="testNG.Popup">
    <skipped/>
  </testcase> <!-- @AfterClass afterClass -->
  <testcase name="@AfterTest afterTest" time="0.0" classname="AdvancedWebdriver.AjaxControl">
    <skipped/>
  </testcase> <!-- @AfterTest afterTest -->
  <testcase name="@AfterTest afterTest" time="0.0" classname="ddfw.Inputstream">
    <skipped/>
  </testcase> <!-- @AfterTest afterTest -->
  <testcase name="@AfterTest afterTest" time="0.0" classname="AdvancedWebdriver.Mouseover">
    <skipped/>
  </testcase> <!-- @AfterTest afterTest -->
  <testcase name="@AfterTest afterTest" time="0.0" classname="ddfw.OutputStream">
    <skipped/>
  </testcase> <!-- @AfterTest afterTest -->
  <testcase name="@AfterTest afterTest" time="0.0" classname="AdvancedWebdriver.PageScroll">
    <skipped/>
  </testcase> <!-- @AfterTest afterTest -->
  <testcase name="@AfterTest afterTest" time="0.0" classname="AdvancedWebdriver.Screenshot">
    <skipped/>
  </testcase> <!-- @AfterTest afterTest -->
  <testcase name="f" time="0.0" classname="testNG.FB_Register">
    <skipped/>
  </testcase> <!-- f -->
  <testcase name="f" time="0.0" classname="testNG.Amazon_Multi_Function">
    <skipped/>
  </testcase> <!-- f -->
  <testcase name="popup" time="0.0" classname="testNG.Popup">
    <skipped/>
  </testcase> <!-- popup -->
  <testcase name="f" time="0.0" classname="AdvancedWebdriver.Screenshot">
    <skipped/>
  </testcase> <!-- f -->
  <testcase name="f" time="0.0" classname="AdvancedWebdriver.PageScroll">
    <skipped/>
  </testcase> <!-- f -->
  <testcase name="f" time="0.0" classname="AdvancedWebdriver.Mouseover">
    <skipped/>
  </testcase> <!-- f -->
  <testcase name="f" time="0.0" classname="AdvancedWebdriver.AjaxControl">
    <skipped/>
  </testcase> <!-- f -->
  <testcase name="f" time="0.0" classname="ddfw.Inputstream">
    <skipped/>
  </testcase> <!-- f -->
  <testcase name="outputstream" time="0.0" classname="ddfw.OutputStream">
    <skipped/>
  </testcase> <!-- outputstream -->
</testsuite> <!-- Results -->
