<?xml version="1.0" encoding="UTF-8"?>
<testng-results skipped="0" failed="1" ignored="0" total="2" passed="1">
  <reporter-output>
  </reporter-output>
  <suite name="Suite" duration-ms="88410" started-at="2019-02-28T03:03:18Z" finished-at="2019-02-28T03:04:47Z">
    <groups>
    </groups>
    <test name="Test" duration-ms="88410" started-at="2019-02-28T03:03:18Z" finished-at="2019-02-28T03:04:47Z">
      <class name="testNG.Popup">
        <test-method status="PASS" signature="beforeClass()[pri:0, instance:testNG.Popup@1d057a39]" name="beforeClass" is-config="true" duration-ms="38432" started-at="2019-02-28T03:03:42Z" finished-at="2019-02-28T03:04:20Z">
          <reporter-output>
          </reporter-output>
        </test-method> <!-- beforeClass -->
        <test-method status="PASS" signature="popup()[pri:0, instance:testNG.Popup@1d057a39]" name="popup" duration-ms="26596" started-at="2019-02-28T03:04:20Z" finished-at="2019-02-28T03:04:47Z">
          <reporter-output>
          </reporter-output>
        </test-method> <!-- popup -->
        <test-method status="PASS" signature="afterClass()[pri:0, instance:testNG.Popup@1d057a39]" name="afterClass" is-config="true" duration-ms="0" started-at="2019-02-28T03:04:47Z" finished-at="2019-02-28T03:04:47Z">
          <reporter-output>
          </reporter-output>
        </test-method> <!-- afterClass -->
      </class> <!-- testNG.Popup -->
      <class name="testNG.Alert">
        <test-method status="PASS" signature="beforeTest()[pri:0, instance:testNG.Alert@475530b9]" name="beforeTest" is-config="true" duration-ms="21563" started-at="2019-02-28T03:03:18Z" finished-at="2019-02-28T03:03:40Z">
          <reporter-output>
          </reporter-output>
        </test-method> <!-- beforeTest -->
        <test-method status="FAIL" signature="alert()[pri:0, instance:testNG.Alert@475530b9]" name="alert" duration-ms="1780" started-at="2019-02-28T03:03:40Z" finished-at="2019-02-28T03:03:42Z">
          <exception class="org.openqa.selenium.NoSuchElementException">
            <message>
              <![CDATA[Unable to locate element: html/body/div[2]/div[1]/table/tbody/tr[3]/td[4]/a
For documentation on this error, please visit: https://www.seleniumhq.org/exceptions/no_such_element.html
Build info: version: '3.141.59', revision: 'e82be7d358', time: '2018-11-14T08:25:53'
System info: host: 'LAPTOP-0UFO5ORC', ip: '192.168.0.10', os.name: 'Windows 10', os.arch: 'amd64', os.version: '10.0', java.version: '1.8.0_201'
Driver info: org.openqa.selenium.firefox.FirefoxDriver
Capabilities {acceptInsecureCerts: true, browserName: firefox, browserVersion: 65.0.1, javascriptEnabled: true, moz:accessibilityChecks: false, moz:geckodriverVersion: 0.24.0, moz:headless: false, moz:processID: 7004, moz:profile: C:\Users\MUKESH\AppData\Loc..., moz:shutdownTimeout: 60000, moz:useNonSpecCompliantPointerOrigin: false, moz:webdriverClick: true, pageLoadStrategy: normal, platform: WINDOWS, platformName: WINDOWS, platformVersion: 10.0, rotatable: false, setWindowRect: true, strictFileInteractability: false, timeouts: {implicit: 0, pageLoad: 300000, script: 30000}, unhandledPromptBehavior: dismiss and notify}
Session ID: 3ea083ce-c14d-44ef-95ec-872ac4cf6728
*** Element info: {Using=xpath, value=html/body/div[2]/div[1]/table/tbody/tr[3]/td[4]/a}]]>
            </message>
            <full-stacktrace>
              <![CDATA[org.openqa.selenium.NoSuchElementException: Unable to locate element: html/body/div[2]/div[1]/table/tbody/tr[3]/td[4]/a
For documentation on this error, please visit: https://www.seleniumhq.org/exceptions/no_such_element.html
Build info: version: '3.141.59', revision: 'e82be7d358', time: '2018-11-14T08:25:53'
System info: host: 'LAPTOP-0UFO5ORC', ip: '192.168.0.10', os.name: 'Windows 10', os.arch: 'amd64', os.version: '10.0', java.version: '1.8.0_201'
Driver info: org.openqa.selenium.firefox.FirefoxDriver
Capabilities {acceptInsecureCerts: true, browserName: firefox, browserVersion: 65.0.1, javascriptEnabled: true, moz:accessibilityChecks: false, moz:geckodriverVersion: 0.24.0, moz:headless: false, moz:processID: 7004, moz:profile: C:\Users\MUKESH\AppData\Loc..., moz:shutdownTimeout: 60000, moz:useNonSpecCompliantPointerOrigin: false, moz:webdriverClick: true, pageLoadStrategy: normal, platform: WINDOWS, platformName: WINDOWS, platformVersion: 10.0, rotatable: false, setWindowRect: true, strictFileInteractability: false, timeouts: {implicit: 0, pageLoad: 300000, script: 30000}, unhandledPromptBehavior: dismiss and notify}
Session ID: 3ea083ce-c14d-44ef-95ec-872ac4cf6728
*** Element info: {Using=xpath, value=html/body/div[2]/div[1]/table/tbody/tr[3]/td[4]/a}
at sun.reflect.NativeConstructorAccessorImpl.newInstance0(Native Method)
at sun.reflect.NativeConstructorAccessorImpl.newInstance(Unknown Source)
at sun.reflect.DelegatingConstructorAccessorImpl.newInstance(Unknown Source)
at java.lang.reflect.Constructor.newInstance(Unknown Source)
at org.openqa.selenium.remote.http.W3CHttpResponseCodec.createException(W3CHttpResponseCodec.java:187)
at org.openqa.selenium.remote.http.W3CHttpResponseCodec.decode(W3CHttpResponseCodec.java:122)
at org.openqa.selenium.remote.http.W3CHttpResponseCodec.decode(W3CHttpResponseCodec.java:49)
at org.openqa.selenium.remote.HttpCommandExecutor.execute(HttpCommandExecutor.java:158)
at org.openqa.selenium.remote.service.DriverCommandExecutor.execute(DriverCommandExecutor.java:83)
at org.openqa.selenium.remote.RemoteWebDriver.execute(RemoteWebDriver.java:552)
at org.openqa.selenium.remote.RemoteWebDriver.findElement(RemoteWebDriver.java:323)
at org.openqa.selenium.remote.RemoteWebDriver.findElementByXPath(RemoteWebDriver.java:428)
at org.openqa.selenium.By$ByXPath.findElement(By.java:353)
at org.openqa.selenium.remote.RemoteWebDriver.findElement(RemoteWebDriver.java:315)
at testNG.Alert.alert(Alert.java:30)
at sun.reflect.NativeMethodAccessorImpl.invoke0(Native Method)
at sun.reflect.NativeMethodAccessorImpl.invoke(Unknown Source)
at sun.reflect.DelegatingMethodAccessorImpl.invoke(Unknown Source)
at java.lang.reflect.Method.invoke(Unknown Source)
at org.testng.internal.MethodInvocationHelper.invokeMethod(MethodInvocationHelper.java:124)
at org.testng.internal.Invoker.invokeMethod(Invoker.java:583)
at org.testng.internal.Invoker.invokeTestMethod(Invoker.java:719)
at org.testng.internal.Invoker.invokeTestMethods(Invoker.java:989)
at org.testng.internal.TestMethodWorker.invokeTestMethods(TestMethodWorker.java:125)
at org.testng.internal.TestMethodWorker.run(TestMethodWorker.java:109)
at org.testng.TestRunner.privateRun(TestRunner.java:648)
at org.testng.TestRunner.run(TestRunner.java:505)
at org.testng.SuiteRunner.runTest(SuiteRunner.java:455)
at org.testng.SuiteRunner.runSequentially(SuiteRunner.java:450)
at org.testng.SuiteRunner.privateRun(SuiteRunner.java:415)
at org.testng.SuiteRunner.run(SuiteRunner.java:364)
at org.testng.SuiteRunnerWorker.runSuite(SuiteRunnerWorker.java:52)
at org.testng.SuiteRunnerWorker.run(SuiteRunnerWorker.java:84)
at org.testng.TestNG.runSuitesSequentially(TestNG.java:1208)
at org.testng.TestNG.runSuitesLocally(TestNG.java:1137)
at org.testng.TestNG.runSuites(TestNG.java:1049)
at org.testng.TestNG.run(TestNG.java:1017)
at org.testng.remote.AbstractRemoteTestNG.run(AbstractRemoteTestNG.java:115)
at org.testng.remote.RemoteTestNG.initAndRun(RemoteTestNG.java:251)
at org.testng.remote.RemoteTestNG.main(RemoteTestNG.java:77)
]]>
            </full-stacktrace>
          </exception> <!-- org.openqa.selenium.NoSuchElementException -->
          <reporter-output>
          </reporter-output>
        </test-method> <!-- alert -->
        <test-method status="PASS" signature="afterTest()[pri:0, instance:testNG.Alert@475530b9]" name="afterTest" is-config="true" duration-ms="1" started-at="2019-02-28T03:04:47Z" finished-at="2019-02-28T03:04:47Z">
          <reporter-output>
          </reporter-output>
        </test-method> <!-- afterTest -->
      </class> <!-- testNG.Alert -->
    </test> <!-- Test -->
  </suite> <!-- Suite -->
</testng-results>
